<?xml version="1.0" encoding="UTF-8"?>
<!-- Generated by org.testng.reporters.JUnitXMLReporter -->
<testsuite hostname="LAPTOP-UF0B91LF" ignored="12" name="Test" tests="13" failures="0" timestamp="2023-05-16T15:06:59 IST" time="60.026" errors="0">
  <testcase name="cartPage" time="1.996" classname="com.saucelabs.CartPageTest"/>
  <testcase name="continueShopping" time="1.582" classname="com.saucelabs.CartPageTest"/>
  <testcase name="removeItem" time="1.32" classname="com.saucelabs.CartPageTest"/>
  <testcase name="completeEndToEndTest" time="3.385" classname="com.saucelabs.EndtoEndTest"/>
  <testcase name="checkoutOverView" time="2.208" classname="com.saucelabs.CheckoutOverviewPageTest"/>
  <testcase name="loginPage" time="0.556" classname="com.saucelabs.LoginPageTest"/>
  <testcase name="loginPage" time="0.565" classname="com.saucelabs.LoginPageTest"/>
  <testcase name="loginPage" time="5.544" classname="com.saucelabs.LoginPageTest"/>
  <testcase name="addItemsToCart" time="1.071" classname="com.saucelabs.ProductsPageTest"/>
  <testcase name="productsFromHighToLow" time="1.131" classname="com.saucelabs.ProductsPageTest"/>
  <testcase name="productsFromLowToHigh" time="1.086" classname="com.saucelabs.ProductsPageTest"/>
  <testcase name="productsInDesc" time="0.944" classname="com.saucelabs.ProductsPageTest"/>
  <testcase name="completeOrder" time="2.545" classname="com.saucelabs.CompleteOrderPage"/>
  <testcase name="@BeforeSuite configureLog" time="0.0" classname="com.saucelabs.Base.BaseClass">
    <ignored/>
  </testcase> <!-- @BeforeSuite configureLog -->
  <testcase name="@BeforeSuite configureLog" time="0.0" classname="com.saucelabs.Base.BaseClass">
    <ignored/>
  </testcase> <!-- @BeforeSuite configureLog -->
  <testcase name="@BeforeSuite configureLog" time="0.0" classname="com.saucelabs.Base.BaseClass">
    <ignored/>
  </testcase> <!-- @BeforeSuite configureLog -->
  <testcase name="@BeforeSuite configureLog" time="0.0" classname="com.saucelabs.Base.BaseClass">
    <ignored/>
  </testcase> <!-- @BeforeSuite configureLog -->
  <testcase name="@BeforeSuite configureLog" time="0.0" classname="com.saucelabs.Base.BaseClass">
    <ignored/>
  </testcase> <!-- @BeforeSuite configureLog -->
  <testcase name="@BeforeSuite configureLog" time="0.0" classname="com.saucelabs.Base.BaseClass">
    <ignored/>
  </testcase> <!-- @BeforeSuite configureLog -->
  <testcase name="@AfterSuite endReport" time="0.0" classname="com.saucelabs.Base.BaseClass">
    <ignored/>
  </testcase> <!-- @AfterSuite endReport -->
  <testcase name="@AfterSuite endReport" time="0.0" classname="com.saucelabs.Base.BaseClass">
    <ignored/>
  </testcase> <!-- @AfterSuite endReport -->
  <testcase name="@AfterSuite endReport" time="0.0" classname="com.saucelabs.Base.BaseClass">
    <ignored/>
  </testcase> <!-- @AfterSuite endReport -->
  <testcase name="@AfterSuite endReport" time="0.0" classname="com.saucelabs.Base.BaseClass">
    <ignored/>
  </testcase> <!-- @AfterSuite endReport -->
  <testcase name="@AfterSuite endReport" time="0.0" classname="com.saucelabs.Base.BaseClass">
    <ignored/>
  </testcase> <!-- @AfterSuite endReport -->
  <testcase name="@AfterSuite endReport" time="0.0" classname="com.saucelabs.Base.BaseClass">
    <ignored/>
  </testcase> <!-- @AfterSuite endReport -->
</testsuite> <!-- Test -->
